<?xml version="1.0" encoding="UTF-8"?>
<!-- Generated by org.testng.reporters.JUnitReportReporter -->
<testsuite hostname="AKMUKHOP-15P1W" failures="0" tests="4" name="TestCaseDesktopBrowser.automation.HomeTestCases" time="208.558" errors="0" timestamp="14 Oct 2019 19:13:48 GMT" skipped="0">
  <testcase classname="TestCaseDesktopBrowser.automation.HomeTestCases" name="ExcelUploadinImportRequestFeatureInvalidFileType" time="49.877"/>
  <testcase classname="TestCaseDesktopBrowser.automation.HomeTestCases" name="ExcelUploadinImportRequestFeatureInvalidTemplate" time="45.745"/>
  <testcase classname="TestCaseDesktopBrowser.automation.HomeTestCases" name="OpenPendingSubmissionRequestFromHomePage" time="57.404"/>
  <testcase classname="TestCaseDesktopBrowser.automation.HomeTestCases" name="OpenCompletedRequestFromHomePage" time="55.532"/>
</testsuite> <!-- TestCaseDesktopBrowser.automation.HomeTestCases -->
