<?xml version="1.0" encoding="UTF-8"?>
<!-- Generated by org.testng.reporters.JUnitReportReporter -->
<testsuite hostname="AKMUKHOP-15P1W" failures="0" tests="1" name="edmsDesktopBrowser.automation.HomeTestCases" time="53.779" errors="0" timestamp="08 Oct 2019 14:40:41 GMT" skipped="0">
  <testcase classname="edmsDesktopBrowser.automation.HomeTestCases" name="ExcelUploadinImportRequestFeatureInvalidFileType" time="53.779"/>
</testsuite> <!-- edmsDesktopBrowser.automation.HomeTestCases -->
