<?xml version="1.0" encoding="UTF-8"?>
<!-- Generated by org.testng.reporters.JUnitReportReporter -->
<testsuite hostname="AKMUKHOP-15P1W" failures="0" tests="1" name="ZomatoAPI.GetRequestTestCases" time="6.866" errors="0" timestamp="24 Sep 2019 12:02:48 GMT">
  <testcase classname="ZomatoAPI.GetRequestTestCases" name="GetCuisineForParticularCity" time="6.866"/>
</testsuite> <!-- ZomatoAPI.GetRequestTestCases -->
