<?xml version="1.0" encoding="UTF-8"?>
<!-- Generated by org.testng.reporters.JUnitReportReporter -->
<testsuite hostname="AKMUKHOP-15P1W" failures="2" tests="10" name="TestCaseDesktopBrowser.automation.SearchTestCases" time="266.559" errors="0" timestamp="14 Oct 2019 19:13:49 GMT" skipped="6">
  <testcase classname="TestCaseDesktopBrowser.automation.SearchTestCases" name="SearchCustomerAccountName" time="56.466"/>
  <testcase classname="TestCaseDesktopBrowser.automation.SearchTestCases" name="SearchCustomerAccountNumber" time="18.839">
    <failure message="null" type="java.lang.AssertionError">
      <![CDATA[java.lang.AssertionError: null
at org.testng.Assert.fail(Assert.java:96)
at org.testng.Assert.fail(Assert.java:103)
at Validation.AssertionsDesktopBrowser.AssertFail(AssertionsDesktopBrowser.java:45)
at TestCaseDesktopBrowser.automation.SearchTestCases.SearchCustomerAccountNumber(SearchTestCases.java:112)
at java.base/jdk.internal.reflect.NativeMethodAccessorImpl.invoke0(Native Method)
at java.base/jdk.internal.reflect.NativeMethodAccessorImpl.invoke(NativeMethodAccessorImpl.java:62)
at java.base/jdk.internal.reflect.DelegatingMethodAccessorImpl.invoke(DelegatingMethodAccessorImpl.java:43)
at java.base/java.lang.reflect.Method.invoke(Method.java:567)
at org.testng.internal.MethodInvocationHelper.invokeMethod(MethodInvocationHelper.java:124)
at org.testng.internal.Invoker.invokeMethod(Invoker.java:583)
at org.testng.internal.Invoker.retryFailed(Invoker.java:839)
at org.testng.internal.Invoker.invokeTestMethods(Invoker.java:1010)
at org.testng.internal.TestMethodWorker.invokeTestMethods(TestMethodWorker.java:125)
at org.testng.internal.TestMethodWorker.run(TestMethodWorker.java:109)
at org.testng.TestRunner.privateRun(TestRunner.java:648)
at org.testng.TestRunner.run(TestRunner.java:505)
at org.testng.SuiteRunner.runTest(SuiteRunner.java:455)
at org.testng.SuiteRunner.runSequentially(SuiteRunner.java:450)
at org.testng.SuiteRunner.privateRun(SuiteRunner.java:415)
at org.testng.SuiteRunner.run(SuiteRunner.java:364)
at org.testng.SuiteRunnerWorker.runSuite(SuiteRunnerWorker.java:52)
at org.testng.SuiteRunnerWorker.run(SuiteRunnerWorker.java:84)
at org.testng.TestNG.runSuitesSequentially(TestNG.java:1208)
at org.testng.TestNG.runSuitesLocally(TestNG.java:1137)
at org.testng.TestNG.runSuites(TestNG.java:1049)
at org.testng.TestNG.run(TestNG.java:1017)
at org.testng.remote.AbstractRemoteTestNG.run(AbstractRemoteTestNG.java:115)
at org.testng.remote.RemoteTestNG.initAndRun(RemoteTestNG.java:251)
at org.testng.remote.RemoteTestNG.main(RemoteTestNG.java:77)
]]>
    </failure>
  </testcase> <!-- SearchCustomerAccountNumber -->
  <testcase classname="TestCaseDesktopBrowser.automation.SearchTestCases" name="SearchCustomerBusinessEntityID" time="20.011">
    <failure message="expected [true] but found [false]" type="java.lang.AssertionError">
      <![CDATA[java.lang.AssertionError: expected [true] but found [false]
at org.testng.Assert.fail(Assert.java:96)
at org.testng.Assert.failNotEquals(Assert.java:776)
at org.testng.Assert.assertTrue(Assert.java:44)
at org.testng.Assert.assertTrue(Assert.java:54)
at Validation.AssertionsDesktopBrowser.AssertTrue(AssertionsDesktopBrowser.java:60)
at TestCaseDesktopBrowser.automation.SearchTestCases.SearchCustomerBusinessEntityID(SearchTestCases.java:132)
at java.base/jdk.internal.reflect.NativeMethodAccessorImpl.invoke0(Native Method)
at java.base/jdk.internal.reflect.NativeMethodAccessorImpl.invoke(NativeMethodAccessorImpl.java:62)
at java.base/jdk.internal.reflect.DelegatingMethodAccessorImpl.invoke(DelegatingMethodAccessorImpl.java:43)
at java.base/java.lang.reflect.Method.invoke(Method.java:567)
at org.testng.internal.MethodInvocationHelper.invokeMethod(MethodInvocationHelper.java:124)
at org.testng.internal.Invoker.invokeMethod(Invoker.java:583)
at org.testng.internal.Invoker.retryFailed(Invoker.java:839)
at org.testng.internal.Invoker.invokeTestMethods(Invoker.java:1010)
at org.testng.internal.TestMethodWorker.invokeTestMethods(TestMethodWorker.java:125)
at org.testng.internal.TestMethodWorker.run(TestMethodWorker.java:109)
at org.testng.TestRunner.privateRun(TestRunner.java:648)
at org.testng.TestRunner.run(TestRunner.java:505)
at org.testng.SuiteRunner.runTest(SuiteRunner.java:455)
at org.testng.SuiteRunner.runSequentially(SuiteRunner.java:450)
at org.testng.SuiteRunner.privateRun(SuiteRunner.java:415)
at org.testng.SuiteRunner.run(SuiteRunner.java:364)
at org.testng.SuiteRunnerWorker.runSuite(SuiteRunnerWorker.java:52)
at org.testng.SuiteRunnerWorker.run(SuiteRunnerWorker.java:84)
at org.testng.TestNG.runSuitesSequentially(TestNG.java:1208)
at org.testng.TestNG.runSuitesLocally(TestNG.java:1137)
at org.testng.TestNG.runSuites(TestNG.java:1049)
at org.testng.TestNG.run(TestNG.java:1017)
at org.testng.remote.AbstractRemoteTestNG.run(AbstractRemoteTestNG.java:115)
at org.testng.remote.RemoteTestNG.initAndRun(RemoteTestNG.java:251)
at org.testng.remote.RemoteTestNG.main(RemoteTestNG.java:77)
]]>
    </failure>
  </testcase> <!-- SearchCustomerBusinessEntityID -->
  <testcase classname="TestCaseDesktopBrowser.automation.SearchTestCases" name="SearchCustomerBusinessEntityID" time="20.390">
    <skipped/>
  </testcase> <!-- SearchCustomerBusinessEntityID -->
  <testcase classname="TestCaseDesktopBrowser.automation.SearchTestCases" name="SearchCustomerPartyID" time="48.923"/>
  <testcase classname="TestCaseDesktopBrowser.automation.SearchTestCases" name="SearchCustomerAccountNumber" time="19.478">
    <skipped/>
  </testcase> <!-- SearchCustomerAccountNumber -->
  <testcase classname="TestCaseDesktopBrowser.automation.SearchTestCases" name="SearchCustomerBusinessEntityID" time="18.906">
    <skipped/>
  </testcase> <!-- SearchCustomerBusinessEntityID -->
  <testcase classname="TestCaseDesktopBrowser.automation.SearchTestCases" name="SearchCustomerAccountNumber" time="23.312">
    <skipped/>
  </testcase> <!-- SearchCustomerAccountNumber -->
  <testcase classname="TestCaseDesktopBrowser.automation.SearchTestCases" name="SearchCustomerBusinessEntityID" time="21.376">
    <skipped/>
  </testcase> <!-- SearchCustomerBusinessEntityID -->
  <testcase classname="TestCaseDesktopBrowser.automation.SearchTestCases" name="SearchCustomerAccountNumber" time="18.858">
    <skipped/>
  </testcase> <!-- SearchCustomerAccountNumber -->
</testsuite> <!-- TestCaseDesktopBrowser.automation.SearchTestCases -->
