<?xml version="1.0" encoding="UTF-8"?>
<!-- Generated by org.testng.reporters.JUnitReportReporter -->
<testsuite hostname="AKMUKHOP-15P1W" failures="0" tests="1" name="Operations.com.ZomatoApp.application.LoginActivity" time="48.444" errors="0" timestamp="12 Sep 2019 13:41:13 GMT">
  <testcase classname="Operations.com.ZomatoApp.application.LoginActivity" name="OpenAppAndAssertInvalidUsernamePassword" time="48.444"/>
</testsuite> <!-- Operations.com.ZomatoApp.application.LoginActivity -->
