<?xml version="1.0" encoding="UTF-8"?>
<!-- Generated by org.testng.reporters.JUnitReportReporter -->
<testsuite hostname="AKMUKHOP-15P1W" failures="0" tests="1" name="zomatoRestAPI.Automation.GetRequestTestCases" time="6.959" errors="0" timestamp="25 Sep 2019 10:54:53 GMT">
  <testcase classname="zomatoRestAPI.Automation.GetRequestTestCases" name="GetCuisineForParticularCity" time="6.959"/>
</testsuite> <!-- zomatoRestAPI.Automation.GetRequestTestCases -->
