<?xml version="1.0" encoding="UTF-8"?>
<!-- Generated by org.testng.reporters.JUnitReportReporter -->
<testsuite hostname="AKMUKHOP-15P1W" failures="0" tests="1" name="TestCaseDesktopBrowser.automation.SearchTestCases" time="70.431" errors="0" timestamp="14 Oct 2019 09:40:08 GMT" skipped="0">
  <testcase classname="TestCaseDesktopBrowser.automation.SearchTestCases" name="SearchCustomerBusinessEntityID" time="70.431"/>
</testsuite> <!-- TestCaseDesktopBrowser.automation.SearchTestCases -->
