<?xml version="1.0" encoding="UTF-8"?>
<!-- Generated by org.testng.reporters.JUnitReportReporter -->
<testsuite hostname="AKMUKHOP-15P1W" failures="0" tests="1" name="Operations.com.ZomatoApp.application.DiscoverTestCases" time="17.526" errors="0" timestamp="22 Sep 2019 06:10:41 GMT">
  <testcase classname="Operations.com.ZomatoApp.application.DiscoverTestCases" name="PrintAllCuisinesList" time="17.526"/>
</testsuite> <!-- Operations.com.ZomatoApp.application.DiscoverTestCases -->
