<?xml version="1.0" encoding="UTF-8"?>
<!-- Generated by org.testng.reporters.JUnitReportReporter -->
<testsuite hostname="AKMUKHOP-15P1W" failures="0" tests="1" name="edmsDesktopBrowser.automation.LoginTestCases" time="55.660" errors="0" timestamp="02 Oct 2019 18:01:17 GMT" skipped="0">
  <testcase classname="edmsDesktopBrowser.automation.LoginTestCases" name="LoginValidCredentials" time="55.660"/>
</testsuite> <!-- edmsDesktopBrowser.automation.LoginTestCases -->
