<?xml version="1.0" encoding="UTF-8"?>
<!-- Generated by org.testng.reporters.JUnitReportReporter -->
<testsuite hostname="AKMUKHOP-15P1W" failures="0" tests="3" name="edmsDesktopBrowser.automation.LoginTestCases" time="109.314" errors="0" timestamp="30 Sep 2019 15:29:52 GMT" skipped="0">
  <testcase classname="edmsDesktopBrowser.automation.LoginTestCases" name="LoginValidCredentials" time="43.995"/>
  <testcase classname="edmsDesktopBrowser.automation.LoginTestCases" name="LoginInValidPassword" time="37.832"/>
  <testcase classname="edmsDesktopBrowser.automation.LoginTestCases" name="LoginInValidUserName" time="27.487"/>
</testsuite> <!-- edmsDesktopBrowser.automation.LoginTestCases -->
