<?xml version="1.0" encoding="UTF-8"?>
<!-- Generated by org.testng.reporters.JUnitReportReporter -->
<testsuite hostname="AKMUKHOP-15P1W" failures="0" tests="1" name="edmsDesktopBrowser.automation.LoginTestCases" time="54.115" errors="0" timestamp="07 Oct 2019 12:19:03 GMT" skipped="0">
  <testcase classname="edmsDesktopBrowser.automation.LoginTestCases" name="LoginValidCredentials" time="54.115"/>
</testsuite> <!-- edmsDesktopBrowser.automation.LoginTestCases -->
