<?xml version="1.0" encoding="UTF-8"?>
<!-- Generated by org.testng.reporters.JUnitReportReporter -->
<testsuite hostname="AKMUKHOP-15P1W" failures="0" tests="1" name="TestCaseDesktopBrowser.automation.SearchTestCases" time="532.134" errors="0" timestamp="11 Oct 2019 07:04:32 GMT" skipped="0">
  <testcase classname="TestCaseDesktopBrowser.automation.SearchTestCases" name="SearchCustomerAccountNumber" time="532.134"/>
</testsuite> <!-- TestCaseDesktopBrowser.automation.SearchTestCases -->
