<?xml version="1.0" encoding="UTF-8"?>
<!-- Generated by org.testng.reporters.JUnitReportReporter -->
<testsuite hostname="AKMUKHOP-15P1W" failures="0" tests="3" name="edmsDesktopBrowser.automation.LoginTestCases" time="7.906" errors="0" timestamp="27 Sep 2019 09:20:18 GMT">
  <testcase classname="edmsDesktopBrowser.automation.LoginTestCases" name="LoginValidCredentials" time="0.102"/>
  <testcase classname="edmsDesktopBrowser.automation.LoginTestCases" name="LoginInValidPassword" time="7.645"/>
  <testcase classname="edmsDesktopBrowser.automation.LoginTestCases" name="LoginInValidUserName" time="0.159"/>
</testsuite> <!-- edmsDesktopBrowser.automation.LoginTestCases -->
