<?xml version="1.0" encoding="UTF-8"?>
<!-- Generated by org.testng.reporters.JUnitReportReporter -->
<testsuite hostname="AKMUKHOP-15P1W" failures="0" tests="1" name="TestCaseDesktopBrowser.automation.HomeTestCases" time="57.102" errors="0" timestamp="08 Oct 2019 14:56:35 GMT" skipped="0">
  <testcase classname="TestCaseDesktopBrowser.automation.HomeTestCases" name="ExcelUploadinImportRequestFeatureInvalidFileType" time="57.102"/>
</testsuite> <!-- TestCaseDesktopBrowser.automation.HomeTestCases -->
