<?xml version="1.0" encoding="UTF-8"?>
<!-- Generated by org.testng.reporters.JUnitReportReporter -->
<testsuite hostname="AKMUKHOP-15P1W" failures="0" tests="1" name="zomatoDesktopBrowser.Automation.HomePageTestCases" time="0.012" errors="0" timestamp="24 Sep 2019 17:15:37 GMT">
  <testcase classname="zomatoDesktopBrowser.Automation.HomePageTestCases" name="CollectionList" time="0.012"/>
</testsuite> <!-- zomatoDesktopBrowser.Automation.HomePageTestCases -->
