<?xml version="1.0" encoding="UTF-8"?>
<!-- Generated by org.testng.reporters.JUnitReportReporter -->
<testsuite hostname="AKMUKHOP-15P1W" failures="0" tests="3" name="TestCaseDesktopBrowser.automation.LoginTestCases" time="88.354" errors="0" timestamp="14 Oct 2019 19:13:48 GMT" skipped="0">
  <testcase classname="TestCaseDesktopBrowser.automation.LoginTestCases" name="LoginValidCredentials" time="35.288"/>
  <testcase classname="TestCaseDesktopBrowser.automation.LoginTestCases" name="LoginInValidPassword" time="29.233"/>
  <testcase classname="TestCaseDesktopBrowser.automation.LoginTestCases" name="LoginInValidUserName" time="23.833"/>
</testsuite> <!-- TestCaseDesktopBrowser.automation.LoginTestCases -->
