<?xml version="1.0" encoding="UTF-8"?>
<!-- Generated by org.testng.reporters.JUnitReportReporter -->
<testsuite hostname="AKMUKHOP-15P1W" failures="0" tests="1" name="TestCaseRestAPI.automation.AccupriceL2N" time="18.013" errors="0" timestamp="25 Oct 2019 10:53:39 GMT" skipped="0">
  <testcase classname="TestCaseRestAPI.automation.AccupriceL2N" name="CreatePlaceAndPrintResponse" time="18.013"/>
</testsuite> <!-- TestCaseRestAPI.automation.AccupriceL2N -->
